2015-08-13 16:13:22 [::1][-][s5tisgh6btlri7bfc13o0u4fu6][error][yii\base\ErrorException:64] exception 'yii\base\ErrorException' with message 'Cannot use kartik\helpers\Html as Html because the name is already in use' in C:\Users\Leslie\Documents\GitHub\apc-softdev-gd121mi122-4\application\marktroibags\backend\views\site\login.php:4
Stack trace:
#0 [internal function]: yii\base\ErrorHandler->handleFatalError()
#1 {main}
2015-08-13 16:13:21 [::1][-][s5tisgh6btlri7bfc13o0u4fu6][info][application] $_GET = [
    'r' => 'site/login'
]

$_COOKIE = [
    'PHPFRONTSESSID' => 'snltp62m4b6hfseoo8beosdm71'
    '_frontendCSRF' => 'eabdf2da94de529a6a86f822b51e2c3f9aef06b9864ebeaf6320acb703100303s:32:\"_En0bmFMJI2fmHY8KJ1dhhoAK50aCpx9\";'
    '_frontendUser' => '09d97afdbe75db139b8d1efd3ff536b5d1eeae367fee4341f9c5adf3816fa0dbs:46:\"[6,\"8urHe0RqNuerCN2oPGM9jvpBCKRiVPjY\",2592000]\";'
    'PHPBACKSESSID' => 's5tisgh6btlri7bfc13o0u4fu6'
]

$_SESSION = [
    '__flash' => []
    '__returnUrl' => '/marktroibags/backend/web/index.php'
]

$_SERVER = [
    'MIBDIRS' => 'C:/xampp/php/extras/mibs'
    'MYSQL_HOME' => '\\xampp\\mysql\\bin'
    'OPENSSL_CONF' => 'C:/xampp/apache/bin/openssl.cnf'
    'PHP_PEAR_SYSCONF_DIR' => '\\xampp\\php'
    'PHPRC' => '\\xampp\\php'
    'TMP' => '\\xampp\\tmp'
    'HTTP_HOST' => 'localhost'
    'HTTP_CONNECTION' => 'keep-alive'
    'HTTP_ACCEPT' => 'text/html,application/xhtml+xml,application/xml;q=0.9,image/webp,*/*;q=0.8'
    'HTTP_USER_AGENT' => 'Mozilla/5.0 (Windows NT 6.1; WOW64) AppleWebKit/537.36 (KHTML, like Gecko) Chrome/40.0.2214.94 Safari/537.36'
    'HTTP_ACCEPT_ENCODING' => 'gzip, deflate, sdch'
    'HTTP_ACCEPT_LANGUAGE' => 'fil,en-US;q=0.8,en;q=0.6'
    'HTTP_COOKIE' => 'PHPFRONTSESSID=snltp62m4b6hfseoo8beosdm71; _frontendCSRF=eabdf2da94de529a6a86f822b51e2c3f9aef06b9864ebeaf6320acb703100303s%3A32%3A%22_En0bmFMJI2fmHY8KJ1dhhoAK50aCpx9%22%3B; _frontendUser=09d97afdbe75db139b8d1efd3ff536b5d1eeae367fee4341f9c5adf3816fa0dbs%3A46%3A%22%5B6%2C%228urHe0RqNuerCN2oPGM9jvpBCKRiVPjY%22%2C2592000%5D%22%3B; PHPBACKSESSID=s5tisgh6btlri7bfc13o0u4fu6'
    'PATH' => 'C:\\Program Files (x86)\\NVIDIA Corporation\\PhysX\\Common;C:\\ProgramData\\Oracle\\Java\\javapath;C:\\Program Files\\Common Files\\Microsoft Shared\\Windows Live;C:\\Windows\\system32;C:\\Windows;C:\\Windows\\System32\\Wbem;C:\\Windows\\System32\\WindowsPowerShell\\v1.0\\;c:\\Program Files (x86)\\Microsoft SQL Server\\100\\Tools\\Binn\\;c:\\Program Files\\Microsoft SQL Server\\100\\Tools\\Binn\\;c:\\Program Files\\Microsoft SQL Server\\100\\DTS\\Binn\\;c:\\Program Files (x86)\\Microsoft SQL Server\\100\\DTS\\Binn\\;c:\\Program Files (x86)\\Microsoft SQL Server\\100\\Tools\\Binn\\VSShell\\Common7\\IDE\\;C:\\Program Files (x86)\\Windows Kits\\8.1\\Windows Performance Toolkit\\;C:\\Program Files\\Microsoft SQL Server\\110\\Tools\\Binn\\;C:\\Program Files\\Microsoft\\Web Platform Installer\\;C:\\Program Files\\TortoiseGit\\bin'
    'SystemRoot' => 'C:\\Windows'
    'COMSPEC' => 'C:\\Windows\\system32\\cmd.exe'
    'PATHEXT' => '.COM;.EXE;.BAT;.CMD;.VBS;.VBE;.JS;.JSE;.WSF;.WSH;.MSC'
    'WINDIR' => 'C:\\Windows'
    'SERVER_SIGNATURE' => '<address>Apache/2.4.12 (Win32) OpenSSL/1.0.1l PHP/5.6.8 Server at localhost Port 80</address>
'
    'SERVER_SOFTWARE' => 'Apache/2.4.12 (Win32) OpenSSL/1.0.1l PHP/5.6.8'
    'SERVER_NAME' => 'localhost'
    'SERVER_ADDR' => '::1'
    'SERVER_PORT' => '80'
    'REMOTE_ADDR' => '::1'
    'DOCUMENT_ROOT' => 'C:/xampp/htdocs'
    'REQUEST_SCHEME' => 'http'
    'CONTEXT_PREFIX' => ''
    'CONTEXT_DOCUMENT_ROOT' => 'C:/xampp/htdocs'
    'SERVER_ADMIN' => 'postmaster@localhost'
    'SCRIPT_FILENAME' => 'C:/xampp/htdocs/marktroibags/backend/web/index.php'
    'REMOTE_PORT' => '51871'
    'GATEWAY_INTERFACE' => 'CGI/1.1'
    'SERVER_PROTOCOL' => 'HTTP/1.1'
    'REQUEST_METHOD' => 'GET'
    'QUERY_STRING' => 'r=site%2Flogin'
    'REQUEST_URI' => '/marktroibags/backend/web/index.php?r=site%2Flogin'
    'SCRIPT_NAME' => '/marktroibags/backend/web/index.php'
    'PHP_SELF' => '/marktroibags/backend/web/index.php'
    'REQUEST_TIME_FLOAT' => 1439475201.803
    'REQUEST_TIME' => 1439475201
]
2015-08-13 16:13:38 [::1][-][s5tisgh6btlri7bfc13o0u4fu6][error][yii\base\ErrorException:64] exception 'yii\base\ErrorException' with message 'Cannot use kartik\widgets\ActiveForm as ActiveForm because the name is already in use' in C:\Users\Leslie\Documents\GitHub\apc-softdev-gd121mi122-4\application\marktroibags\backend\views\site\login.php:5
Stack trace:
#0 [internal function]: yii\base\ErrorHandler->handleFatalError()
#1 {main}
2015-08-13 16:13:38 [::1][-][s5tisgh6btlri7bfc13o0u4fu6][info][application] $_GET = [
    'r' => 'site/login'
]

$_COOKIE = [
    'PHPFRONTSESSID' => 'snltp62m4b6hfseoo8beosdm71'
    '_frontendCSRF' => 'eabdf2da94de529a6a86f822b51e2c3f9aef06b9864ebeaf6320acb703100303s:32:\"_En0bmFMJI2fmHY8KJ1dhhoAK50aCpx9\";'
    '_frontendUser' => '09d97afdbe75db139b8d1efd3ff536b5d1eeae367fee4341f9c5adf3816fa0dbs:46:\"[6,\"8urHe0RqNuerCN2oPGM9jvpBCKRiVPjY\",2592000]\";'
    'PHPBACKSESSID' => 's5tisgh6btlri7bfc13o0u4fu6'
]

$_SESSION = [
    '__flash' => []
    '__returnUrl' => '/marktroibags/backend/web/index.php'
]

$_SERVER = [
    'MIBDIRS' => 'C:/xampp/php/extras/mibs'
    'MYSQL_HOME' => '\\xampp\\mysql\\bin'
    'OPENSSL_CONF' => 'C:/xampp/apache/bin/openssl.cnf'
    'PHP_PEAR_SYSCONF_DIR' => '\\xampp\\php'
    'PHPRC' => '\\xampp\\php'
    'TMP' => '\\xampp\\tmp'
    'HTTP_HOST' => 'localhost'
    'HTTP_CONNECTION' => 'keep-alive'
    'HTTP_CACHE_CONTROL' => 'max-age=0'
    'HTTP_ACCEPT' => 'text/html,application/xhtml+xml,application/xml;q=0.9,image/webp,*/*;q=0.8'
    'HTTP_USER_AGENT' => 'Mozilla/5.0 (Windows NT 6.1; WOW64) AppleWebKit/537.36 (KHTML, like Gecko) Chrome/40.0.2214.94 Safari/537.36'
    'HTTP_ACCEPT_ENCODING' => 'gzip, deflate, sdch'
    'HTTP_ACCEPT_LANGUAGE' => 'fil,en-US;q=0.8,en;q=0.6'
    'HTTP_COOKIE' => 'PHPFRONTSESSID=snltp62m4b6hfseoo8beosdm71; _frontendCSRF=eabdf2da94de529a6a86f822b51e2c3f9aef06b9864ebeaf6320acb703100303s%3A32%3A%22_En0bmFMJI2fmHY8KJ1dhhoAK50aCpx9%22%3B; _frontendUser=09d97afdbe75db139b8d1efd3ff536b5d1eeae367fee4341f9c5adf3816fa0dbs%3A46%3A%22%5B6%2C%228urHe0RqNuerCN2oPGM9jvpBCKRiVPjY%22%2C2592000%5D%22%3B; PHPBACKSESSID=s5tisgh6btlri7bfc13o0u4fu6'
    'PATH' => 'C:\\Program Files (x86)\\NVIDIA Corporation\\PhysX\\Common;C:\\ProgramData\\Oracle\\Java\\javapath;C:\\Program Files\\Common Files\\Microsoft Shared\\Windows Live;C:\\Windows\\system32;C:\\Windows;C:\\Windows\\System32\\Wbem;C:\\Windows\\System32\\WindowsPowerShell\\v1.0\\;c:\\Program Files (x86)\\Microsoft SQL Server\\100\\Tools\\Binn\\;c:\\Program Files\\Microsoft SQL Server\\100\\Tools\\Binn\\;c:\\Program Files\\Microsoft SQL Server\\100\\DTS\\Binn\\;c:\\Program Files (x86)\\Microsoft SQL Server\\100\\DTS\\Binn\\;c:\\Program Files (x86)\\Microsoft SQL Server\\100\\Tools\\Binn\\VSShell\\Common7\\IDE\\;C:\\Program Files (x86)\\Windows Kits\\8.1\\Windows Performance Toolkit\\;C:\\Program Files\\Microsoft SQL Server\\110\\Tools\\Binn\\;C:\\Program Files\\Microsoft\\Web Platform Installer\\;C:\\Program Files\\TortoiseGit\\bin'
    'SystemRoot' => 'C:\\Windows'
    'COMSPEC' => 'C:\\Windows\\system32\\cmd.exe'
    'PATHEXT' => '.COM;.EXE;.BAT;.CMD;.VBS;.VBE;.JS;.JSE;.WSF;.WSH;.MSC'
    'WINDIR' => 'C:\\Windows'
    'SERVER_SIGNATURE' => '<address>Apache/2.4.12 (Win32) OpenSSL/1.0.1l PHP/5.6.8 Server at localhost Port 80</address>
'
    'SERVER_SOFTWARE' => 'Apache/2.4.12 (Win32) OpenSSL/1.0.1l PHP/5.6.8'
    'SERVER_NAME' => 'localhost'
    'SERVER_ADDR' => '::1'
    'SERVER_PORT' => '80'
    'REMOTE_ADDR' => '::1'
    'DOCUMENT_ROOT' => 'C:/xampp/htdocs'
    'REQUEST_SCHEME' => 'http'
    'CONTEXT_PREFIX' => ''
    'CONTEXT_DOCUMENT_ROOT' => 'C:/xampp/htdocs'
    'SERVER_ADMIN' => 'postmaster@localhost'
    'SCRIPT_FILENAME' => 'C:/xampp/htdocs/marktroibags/backend/web/index.php'
    'REMOTE_PORT' => '51877'
    'GATEWAY_INTERFACE' => 'CGI/1.1'
    'SERVER_PROTOCOL' => 'HTTP/1.1'
    'REQUEST_METHOD' => 'GET'
    'QUERY_STRING' => 'r=site%2Flogin'
    'REQUEST_URI' => '/marktroibags/backend/web/index.php?r=site%2Flogin'
    'SCRIPT_NAME' => '/marktroibags/backend/web/index.php'
    'PHP_SELF' => '/marktroibags/backend/web/index.php'
    'REQUEST_TIME_FLOAT' => 1439475218.228
    'REQUEST_TIME' => 1439475218
]
2015-08-13 16:13:49 [::1][-][s5tisgh6btlri7bfc13o0u4fu6][error][yii\base\ErrorException:1] exception 'yii\base\ErrorException' with message 'Class 'kartik\widgets\ActiveForm' not found' in C:\Users\Leslie\Documents\GitHub\apc-softdev-gd121mi122-4\application\marktroibags\backend\views\site\login.php:77
Stack trace:
#0 [internal function]: yii\base\ErrorHandler->handleFatalError()
#1 {main}
2015-08-13 16:13:49 [::1][-][s5tisgh6btlri7bfc13o0u4fu6][info][application] $_GET = [
    'r' => 'site/login'
]

$_COOKIE = [
    'PHPFRONTSESSID' => 'snltp62m4b6hfseoo8beosdm71'
    '_frontendCSRF' => 'eabdf2da94de529a6a86f822b51e2c3f9aef06b9864ebeaf6320acb703100303s:32:\"_En0bmFMJI2fmHY8KJ1dhhoAK50aCpx9\";'
    '_frontendUser' => '09d97afdbe75db139b8d1efd3ff536b5d1eeae367fee4341f9c5adf3816fa0dbs:46:\"[6,\"8urHe0RqNuerCN2oPGM9jvpBCKRiVPjY\",2592000]\";'
    'PHPBACKSESSID' => 's5tisgh6btlri7bfc13o0u4fu6'
]

$_SESSION = [
    '__flash' => []
    '__returnUrl' => '/marktroibags/backend/web/index.php'
]

$_SERVER = [
    'MIBDIRS' => 'C:/xampp/php/extras/mibs'
    'MYSQL_HOME' => '\\xampp\\mysql\\bin'
    'OPENSSL_CONF' => 'C:/xampp/apache/bin/openssl.cnf'
    'PHP_PEAR_SYSCONF_DIR' => '\\xampp\\php'
    'PHPRC' => '\\xampp\\php'
    'TMP' => '\\xampp\\tmp'
    'HTTP_HOST' => 'localhost'
    'HTTP_CONNECTION' => 'keep-alive'
    'HTTP_CACHE_CONTROL' => 'max-age=0'
    'HTTP_ACCEPT' => 'text/html,application/xhtml+xml,application/xml;q=0.9,image/webp,*/*;q=0.8'
    'HTTP_USER_AGENT' => 'Mozilla/5.0 (Windows NT 6.1; WOW64) AppleWebKit/537.36 (KHTML, like Gecko) Chrome/40.0.2214.94 Safari/537.36'
    'HTTP_ACCEPT_ENCODING' => 'gzip, deflate, sdch'
    'HTTP_ACCEPT_LANGUAGE' => 'fil,en-US;q=0.8,en;q=0.6'
    'HTTP_COOKIE' => 'PHPFRONTSESSID=snltp62m4b6hfseoo8beosdm71; _frontendCSRF=eabdf2da94de529a6a86f822b51e2c3f9aef06b9864ebeaf6320acb703100303s%3A32%3A%22_En0bmFMJI2fmHY8KJ1dhhoAK50aCpx9%22%3B; _frontendUser=09d97afdbe75db139b8d1efd3ff536b5d1eeae367fee4341f9c5adf3816fa0dbs%3A46%3A%22%5B6%2C%228urHe0RqNuerCN2oPGM9jvpBCKRiVPjY%22%2C2592000%5D%22%3B; PHPBACKSESSID=s5tisgh6btlri7bfc13o0u4fu6'
    'PATH' => 'C:\\Program Files (x86)\\NVIDIA Corporation\\PhysX\\Common;C:\\ProgramData\\Oracle\\Java\\javapath;C:\\Program Files\\Common Files\\Microsoft Shared\\Windows Live;C:\\Windows\\system32;C:\\Windows;C:\\Windows\\System32\\Wbem;C:\\Windows\\System32\\WindowsPowerShell\\v1.0\\;c:\\Program Files (x86)\\Microsoft SQL Server\\100\\Tools\\Binn\\;c:\\Program Files\\Microsoft SQL Server\\100\\Tools\\Binn\\;c:\\Program Files\\Microsoft SQL Server\\100\\DTS\\Binn\\;c:\\Program Files (x86)\\Microsoft SQL Server\\100\\DTS\\Binn\\;c:\\Program Files (x86)\\Microsoft SQL Server\\100\\Tools\\Binn\\VSShell\\Common7\\IDE\\;C:\\Program Files (x86)\\Windows Kits\\8.1\\Windows Performance Toolkit\\;C:\\Program Files\\Microsoft SQL Server\\110\\Tools\\Binn\\;C:\\Program Files\\Microsoft\\Web Platform Installer\\;C:\\Program Files\\TortoiseGit\\bin'
    'SystemRoot' => 'C:\\Windows'
    'COMSPEC' => 'C:\\Windows\\system32\\cmd.exe'
    'PATHEXT' => '.COM;.EXE;.BAT;.CMD;.VBS;.VBE;.JS;.JSE;.WSF;.WSH;.MSC'
    'WINDIR' => 'C:\\Windows'
    'SERVER_SIGNATURE' => '<address>Apache/2.4.12 (Win32) OpenSSL/1.0.1l PHP/5.6.8 Server at localhost Port 80</address>
'
    'SERVER_SOFTWARE' => 'Apache/2.4.12 (Win32) OpenSSL/1.0.1l PHP/5.6.8'
    'SERVER_NAME' => 'localhost'
    'SERVER_ADDR' => '::1'
    'SERVER_PORT' => '80'
    'REMOTE_ADDR' => '::1'
    'DOCUMENT_ROOT' => 'C:/xampp/htdocs'
    'REQUEST_SCHEME' => 'http'
    'CONTEXT_PREFIX' => ''
    'CONTEXT_DOCUMENT_ROOT' => 'C:/xampp/htdocs'
    'SERVER_ADMIN' => 'postmaster@localhost'
    'SCRIPT_FILENAME' => 'C:/xampp/htdocs/marktroibags/backend/web/index.php'
    'REMOTE_PORT' => '51880'
    'GATEWAY_INTERFACE' => 'CGI/1.1'
    'SERVER_PROTOCOL' => 'HTTP/1.1'
    'REQUEST_METHOD' => 'GET'
    'QUERY_STRING' => 'r=site%2Flogin'
    'REQUEST_URI' => '/marktroibags/backend/web/index.php?r=site%2Flogin'
    'SCRIPT_NAME' => '/marktroibags/backend/web/index.php'
    'PHP_SELF' => '/marktroibags/backend/web/index.php'
    'REQUEST_TIME_FLOAT' => 1439475229.614
    'REQUEST_TIME' => 1439475229
]
2015-08-13 16:16:42 [::1][-][s5tisgh6btlri7bfc13o0u4fu6][error][yii\base\ErrorException:1] exception 'yii\base\ErrorException' with message 'Class 'kartik\widgets\ActiveForm' not found' in C:\Users\Leslie\Documents\GitHub\apc-softdev-gd121mi122-4\application\marktroibags\backend\views\site\login.php:77
Stack trace:
#0 [internal function]: yii\base\ErrorHandler->handleFatalError()
#1 {main}
2015-08-13 16:16:42 [::1][-][s5tisgh6btlri7bfc13o0u4fu6][info][application] $_GET = [
    'r' => 'site/login'
]

$_COOKIE = [
    'PHPFRONTSESSID' => 'snltp62m4b6hfseoo8beosdm71'
    '_frontendCSRF' => 'eabdf2da94de529a6a86f822b51e2c3f9aef06b9864ebeaf6320acb703100303s:32:\"_En0bmFMJI2fmHY8KJ1dhhoAK50aCpx9\";'
    '_frontendUser' => '09d97afdbe75db139b8d1efd3ff536b5d1eeae367fee4341f9c5adf3816fa0dbs:46:\"[6,\"8urHe0RqNuerCN2oPGM9jvpBCKRiVPjY\",2592000]\";'
    'PHPBACKSESSID' => 's5tisgh6btlri7bfc13o0u4fu6'
]

$_SESSION = [
    '__flash' => []
    '__returnUrl' => '/marktroibags/backend/web/index.php'
]

$_SERVER = [
    'MIBDIRS' => 'C:/xampp/php/extras/mibs'
    'MYSQL_HOME' => '\\xampp\\mysql\\bin'
    'OPENSSL_CONF' => 'C:/xampp/apache/bin/openssl.cnf'
    'PHP_PEAR_SYSCONF_DIR' => '\\xampp\\php'
    'PHPRC' => '\\xampp\\php'
    'TMP' => '\\xampp\\tmp'
    'HTTP_HOST' => 'localhost'
    'HTTP_CONNECTION' => 'keep-alive'
    'HTTP_CACHE_CONTROL' => 'max-age=0'
    'HTTP_ACCEPT' => 'text/html,application/xhtml+xml,application/xml;q=0.9,image/webp,*/*;q=0.8'
    'HTTP_USER_AGENT' => 'Mozilla/5.0 (Windows NT 6.1; WOW64) AppleWebKit/537.36 (KHTML, like Gecko) Chrome/40.0.2214.94 Safari/537.36'
    'HTTP_ACCEPT_ENCODING' => 'gzip, deflate, sdch'
    'HTTP_ACCEPT_LANGUAGE' => 'fil,en-US;q=0.8,en;q=0.6'
    'HTTP_COOKIE' => 'PHPFRONTSESSID=snltp62m4b6hfseoo8beosdm71; _frontendCSRF=eabdf2da94de529a6a86f822b51e2c3f9aef06b9864ebeaf6320acb703100303s%3A32%3A%22_En0bmFMJI2fmHY8KJ1dhhoAK50aCpx9%22%3B; _frontendUser=09d97afdbe75db139b8d1efd3ff536b5d1eeae367fee4341f9c5adf3816fa0dbs%3A46%3A%22%5B6%2C%228urHe0RqNuerCN2oPGM9jvpBCKRiVPjY%22%2C2592000%5D%22%3B; PHPBACKSESSID=s5tisgh6btlri7bfc13o0u4fu6'
    'PATH' => 'C:\\Program Files (x86)\\NVIDIA Corporation\\PhysX\\Common;C:\\ProgramData\\Oracle\\Java\\javapath;C:\\Program Files\\Common Files\\Microsoft Shared\\Windows Live;C:\\Windows\\system32;C:\\Windows;C:\\Windows\\System32\\Wbem;C:\\Windows\\System32\\WindowsPowerShell\\v1.0\\;c:\\Program Files (x86)\\Microsoft SQL Server\\100\\Tools\\Binn\\;c:\\Program Files\\Microsoft SQL Server\\100\\Tools\\Binn\\;c:\\Program Files\\Microsoft SQL Server\\100\\DTS\\Binn\\;c:\\Program Files (x86)\\Microsoft SQL Server\\100\\DTS\\Binn\\;c:\\Program Files (x86)\\Microsoft SQL Server\\100\\Tools\\Binn\\VSShell\\Common7\\IDE\\;C:\\Program Files (x86)\\Windows Kits\\8.1\\Windows Performance Toolkit\\;C:\\Program Files\\Microsoft SQL Server\\110\\Tools\\Binn\\;C:\\Program Files\\Microsoft\\Web Platform Installer\\;C:\\Program Files\\TortoiseGit\\bin'
    'SystemRoot' => 'C:\\Windows'
    'COMSPEC' => 'C:\\Windows\\system32\\cmd.exe'
    'PATHEXT' => '.COM;.EXE;.BAT;.CMD;.VBS;.VBE;.JS;.JSE;.WSF;.WSH;.MSC'
    'WINDIR' => 'C:\\Windows'
    'SERVER_SIGNATURE' => '<address>Apache/2.4.12 (Win32) OpenSSL/1.0.1l PHP/5.6.8 Server at localhost Port 80</address>
'
    'SERVER_SOFTWARE' => 'Apache/2.4.12 (Win32) OpenSSL/1.0.1l PHP/5.6.8'
    'SERVER_NAME' => 'localhost'
    'SERVER_ADDR' => '::1'
    'SERVER_PORT' => '80'
    'REMOTE_ADDR' => '::1'
    'DOCUMENT_ROOT' => 'C:/xampp/htdocs'
    'REQUEST_SCHEME' => 'http'
    'CONTEXT_PREFIX' => ''
    'CONTEXT_DOCUMENT_ROOT' => 'C:/xampp/htdocs'
    'SERVER_ADMIN' => 'postmaster@localhost'
    'SCRIPT_FILENAME' => 'C:/xampp/htdocs/marktroibags/backend/web/index.php'
    'REMOTE_PORT' => '52026'
    'GATEWAY_INTERFACE' => 'CGI/1.1'
    'SERVER_PROTOCOL' => 'HTTP/1.1'
    'REQUEST_METHOD' => 'GET'
    'QUERY_STRING' => 'r=site%2Flogin'
    'REQUEST_URI' => '/marktroibags/backend/web/index.php?r=site%2Flogin'
    'SCRIPT_NAME' => '/marktroibags/backend/web/index.php'
    'PHP_SELF' => '/marktroibags/backend/web/index.php'
    'REQUEST_TIME_FLOAT' => 1439475402.744
    'REQUEST_TIME' => 1439475402
]
2015-08-13 16:17:36 [::1][-][s5tisgh6btlri7bfc13o0u4fu6][error][yii\base\ErrorException:1] exception 'yii\base\ErrorException' with message 'Class 'kartik\widgets\ActiveForm' not found' in C:\Users\Leslie\Documents\GitHub\apc-softdev-gd121mi122-4\application\marktroibags\backend\views\site\login.php:77
Stack trace:
#0 [internal function]: yii\base\ErrorHandler->handleFatalError()
#1 {main}
2015-08-13 16:17:36 [::1][-][s5tisgh6btlri7bfc13o0u4fu6][info][application] $_GET = [
    'r' => 'site/login'
]

$_COOKIE = [
    'PHPFRONTSESSID' => 'snltp62m4b6hfseoo8beosdm71'
    '_frontendCSRF' => 'eabdf2da94de529a6a86f822b51e2c3f9aef06b9864ebeaf6320acb703100303s:32:\"_En0bmFMJI2fmHY8KJ1dhhoAK50aCpx9\";'
    '_frontendUser' => '09d97afdbe75db139b8d1efd3ff536b5d1eeae367fee4341f9c5adf3816fa0dbs:46:\"[6,\"8urHe0RqNuerCN2oPGM9jvpBCKRiVPjY\",2592000]\";'
    'PHPBACKSESSID' => 's5tisgh6btlri7bfc13o0u4fu6'
]

$_SESSION = [
    '__flash' => []
    '__returnUrl' => '/marktroibags/backend/web/index.php'
]

$_SERVER = [
    'MIBDIRS' => 'C:/xampp/php/extras/mibs'
    'MYSQL_HOME' => '\\xampp\\mysql\\bin'
    'OPENSSL_CONF' => 'C:/xampp/apache/bin/openssl.cnf'
    'PHP_PEAR_SYSCONF_DIR' => '\\xampp\\php'
    'PHPRC' => '\\xampp\\php'
    'TMP' => '\\xampp\\tmp'
    'HTTP_HOST' => 'localhost'
    'HTTP_CONNECTION' => 'keep-alive'
    'HTTP_CACHE_CONTROL' => 'max-age=0'
    'HTTP_ACCEPT' => 'text/html,application/xhtml+xml,application/xml;q=0.9,image/webp,*/*;q=0.8'
    'HTTP_USER_AGENT' => 'Mozilla/5.0 (Windows NT 6.1; WOW64) AppleWebKit/537.36 (KHTML, like Gecko) Chrome/40.0.2214.94 Safari/537.36'
    'HTTP_ACCEPT_ENCODING' => 'gzip, deflate, sdch'
    'HTTP_ACCEPT_LANGUAGE' => 'fil,en-US;q=0.8,en;q=0.6'
    'HTTP_COOKIE' => 'PHPFRONTSESSID=snltp62m4b6hfseoo8beosdm71; _frontendCSRF=eabdf2da94de529a6a86f822b51e2c3f9aef06b9864ebeaf6320acb703100303s%3A32%3A%22_En0bmFMJI2fmHY8KJ1dhhoAK50aCpx9%22%3B; _frontendUser=09d97afdbe75db139b8d1efd3ff536b5d1eeae367fee4341f9c5adf3816fa0dbs%3A46%3A%22%5B6%2C%228urHe0RqNuerCN2oPGM9jvpBCKRiVPjY%22%2C2592000%5D%22%3B; PHPBACKSESSID=s5tisgh6btlri7bfc13o0u4fu6'
    'PATH' => 'C:\\Program Files (x86)\\NVIDIA Corporation\\PhysX\\Common;C:\\ProgramData\\Oracle\\Java\\javapath;C:\\Program Files\\Common Files\\Microsoft Shared\\Windows Live;C:\\Windows\\system32;C:\\Windows;C:\\Windows\\System32\\Wbem;C:\\Windows\\System32\\WindowsPowerShell\\v1.0\\;c:\\Program Files (x86)\\Microsoft SQL Server\\100\\Tools\\Binn\\;c:\\Program Files\\Microsoft SQL Server\\100\\Tools\\Binn\\;c:\\Program Files\\Microsoft SQL Server\\100\\DTS\\Binn\\;c:\\Program Files (x86)\\Microsoft SQL Server\\100\\DTS\\Binn\\;c:\\Program Files (x86)\\Microsoft SQL Server\\100\\Tools\\Binn\\VSShell\\Common7\\IDE\\;C:\\Program Files (x86)\\Windows Kits\\8.1\\Windows Performance Toolkit\\;C:\\Program Files\\Microsoft SQL Server\\110\\Tools\\Binn\\;C:\\Program Files\\Microsoft\\Web Platform Installer\\;C:\\Program Files\\TortoiseGit\\bin'
    'SystemRoot' => 'C:\\Windows'
    'COMSPEC' => 'C:\\Windows\\system32\\cmd.exe'
    'PATHEXT' => '.COM;.EXE;.BAT;.CMD;.VBS;.VBE;.JS;.JSE;.WSF;.WSH;.MSC'
    'WINDIR' => 'C:\\Windows'
    'SERVER_SIGNATURE' => '<address>Apache/2.4.12 (Win32) OpenSSL/1.0.1l PHP/5.6.8 Server at localhost Port 80</address>
'
    'SERVER_SOFTWARE' => 'Apache/2.4.12 (Win32) OpenSSL/1.0.1l PHP/5.6.8'
    'SERVER_NAME' => 'localhost'
    'SERVER_ADDR' => '::1'
    'SERVER_PORT' => '80'
    'REMOTE_ADDR' => '::1'
    'DOCUMENT_ROOT' => 'C:/xampp/htdocs'
    'REQUEST_SCHEME' => 'http'
    'CONTEXT_PREFIX' => ''
    'CONTEXT_DOCUMENT_ROOT' => 'C:/xampp/htdocs'
    'SERVER_ADMIN' => 'postmaster@localhost'
    'SCRIPT_FILENAME' => 'C:/xampp/htdocs/marktroibags/backend/web/index.php'
    'REMOTE_PORT' => '52086'
    'GATEWAY_INTERFACE' => 'CGI/1.1'
    'SERVER_PROTOCOL' => 'HTTP/1.1'
    'REQUEST_METHOD' => 'GET'
    'QUERY_STRING' => 'r=site%2Flogin'
    'REQUEST_URI' => '/marktroibags/backend/web/index.php?r=site%2Flogin'
    'SCRIPT_NAME' => '/marktroibags/backend/web/index.php'
    'PHP_SELF' => '/marktroibags/backend/web/index.php'
    'REQUEST_TIME_FLOAT' => 1439475456.149
    'REQUEST_TIME' => 1439475456
]
2015-08-13 16:18:40 [::1][-][s5tisgh6btlri7bfc13o0u4fu6][error][yii\base\ErrorException:1] exception 'yii\base\ErrorException' with message 'Class 'kartik\widgets\ActiveForm' not found' in C:\Users\Leslie\Documents\GitHub\apc-softdev-gd121mi122-4\application\marktroibags\backend\views\site\login.php:65
Stack trace:
#0 [internal function]: yii\base\ErrorHandler->handleFatalError()
#1 {main}
2015-08-13 16:18:40 [::1][-][s5tisgh6btlri7bfc13o0u4fu6][info][application] $_GET = [
    'r' => 'site/login'
]

$_COOKIE = [
    'PHPFRONTSESSID' => 'snltp62m4b6hfseoo8beosdm71'
    '_frontendCSRF' => 'eabdf2da94de529a6a86f822b51e2c3f9aef06b9864ebeaf6320acb703100303s:32:\"_En0bmFMJI2fmHY8KJ1dhhoAK50aCpx9\";'
    '_frontendUser' => '09d97afdbe75db139b8d1efd3ff536b5d1eeae367fee4341f9c5adf3816fa0dbs:46:\"[6,\"8urHe0RqNuerCN2oPGM9jvpBCKRiVPjY\",2592000]\";'
    'PHPBACKSESSID' => 's5tisgh6btlri7bfc13o0u4fu6'
]

$_SESSION = [
    '__flash' => []
    '__returnUrl' => '/marktroibags/backend/web/index.php'
]

$_SERVER = [
    'MIBDIRS' => 'C:/xampp/php/extras/mibs'
    'MYSQL_HOME' => '\\xampp\\mysql\\bin'
    'OPENSSL_CONF' => 'C:/xampp/apache/bin/openssl.cnf'
    'PHP_PEAR_SYSCONF_DIR' => '\\xampp\\php'
    'PHPRC' => '\\xampp\\php'
    'TMP' => '\\xampp\\tmp'
    'HTTP_HOST' => 'localhost'
    'HTTP_CONNECTION' => 'keep-alive'
    'HTTP_CACHE_CONTROL' => 'max-age=0'
    'HTTP_ACCEPT' => 'text/html,application/xhtml+xml,application/xml;q=0.9,image/webp,*/*;q=0.8'
    'HTTP_USER_AGENT' => 'Mozilla/5.0 (Windows NT 6.1; WOW64) AppleWebKit/537.36 (KHTML, like Gecko) Chrome/40.0.2214.94 Safari/537.36'
    'HTTP_ACCEPT_ENCODING' => 'gzip, deflate, sdch'
    'HTTP_ACCEPT_LANGUAGE' => 'fil,en-US;q=0.8,en;q=0.6'
    'HTTP_COOKIE' => 'PHPFRONTSESSID=snltp62m4b6hfseoo8beosdm71; _frontendCSRF=eabdf2da94de529a6a86f822b51e2c3f9aef06b9864ebeaf6320acb703100303s%3A32%3A%22_En0bmFMJI2fmHY8KJ1dhhoAK50aCpx9%22%3B; _frontendUser=09d97afdbe75db139b8d1efd3ff536b5d1eeae367fee4341f9c5adf3816fa0dbs%3A46%3A%22%5B6%2C%228urHe0RqNuerCN2oPGM9jvpBCKRiVPjY%22%2C2592000%5D%22%3B; PHPBACKSESSID=s5tisgh6btlri7bfc13o0u4fu6'
    'PATH' => 'C:\\Program Files (x86)\\NVIDIA Corporation\\PhysX\\Common;C:\\ProgramData\\Oracle\\Java\\javapath;C:\\Program Files\\Common Files\\Microsoft Shared\\Windows Live;C:\\Windows\\system32;C:\\Windows;C:\\Windows\\System32\\Wbem;C:\\Windows\\System32\\WindowsPowerShell\\v1.0\\;c:\\Program Files (x86)\\Microsoft SQL Server\\100\\Tools\\Binn\\;c:\\Program Files\\Microsoft SQL Server\\100\\Tools\\Binn\\;c:\\Program Files\\Microsoft SQL Server\\100\\DTS\\Binn\\;c:\\Program Files (x86)\\Microsoft SQL Server\\100\\DTS\\Binn\\;c:\\Program Files (x86)\\Microsoft SQL Server\\100\\Tools\\Binn\\VSShell\\Common7\\IDE\\;C:\\Program Files (x86)\\Windows Kits\\8.1\\Windows Performance Toolkit\\;C:\\Program Files\\Microsoft SQL Server\\110\\Tools\\Binn\\;C:\\Program Files\\Microsoft\\Web Platform Installer\\;C:\\Program Files\\TortoiseGit\\bin'
    'SystemRoot' => 'C:\\Windows'
    'COMSPEC' => 'C:\\Windows\\system32\\cmd.exe'
    'PATHEXT' => '.COM;.EXE;.BAT;.CMD;.VBS;.VBE;.JS;.JSE;.WSF;.WSH;.MSC'
    'WINDIR' => 'C:\\Windows'
    'SERVER_SIGNATURE' => '<address>Apache/2.4.12 (Win32) OpenSSL/1.0.1l PHP/5.6.8 Server at localhost Port 80</address>
'
    'SERVER_SOFTWARE' => 'Apache/2.4.12 (Win32) OpenSSL/1.0.1l PHP/5.6.8'
    'SERVER_NAME' => 'localhost'
    'SERVER_ADDR' => '::1'
    'SERVER_PORT' => '80'
    'REMOTE_ADDR' => '::1'
    'DOCUMENT_ROOT' => 'C:/xampp/htdocs'
    'REQUEST_SCHEME' => 'http'
    'CONTEXT_PREFIX' => ''
    'CONTEXT_DOCUMENT_ROOT' => 'C:/xampp/htdocs'
    'SERVER_ADMIN' => 'postmaster@localhost'
    'SCRIPT_FILENAME' => 'C:/xampp/htdocs/marktroibags/backend/web/index.php'
    'REMOTE_PORT' => '52203'
    'GATEWAY_INTERFACE' => 'CGI/1.1'
    'SERVER_PROTOCOL' => 'HTTP/1.1'
    'REQUEST_METHOD' => 'GET'
    'QUERY_STRING' => 'r=site%2Flogin'
    'REQUEST_URI' => '/marktroibags/backend/web/index.php?r=site%2Flogin'
    'SCRIPT_NAME' => '/marktroibags/backend/web/index.php'
    'PHP_SELF' => '/marktroibags/backend/web/index.php'
    'REQUEST_TIME_FLOAT' => 1439475520.459
    'REQUEST_TIME' => 1439475520
]
2015-08-13 16:18:48 [::1][-][s5tisgh6btlri7bfc13o0u4fu6][error][yii\base\ErrorException:1] exception 'yii\base\ErrorException' with message 'Class 'kartik\widgets\ActiveForm' not found' in C:\Users\Leslie\Documents\GitHub\apc-softdev-gd121mi122-4\application\marktroibags\backend\views\site\login.php:65
Stack trace:
#0 [internal function]: yii\base\ErrorHandler->handleFatalError()
#1 {main}
2015-08-13 16:18:48 [::1][-][s5tisgh6btlri7bfc13o0u4fu6][info][application] $_GET = [
    'r' => 'site/login'
]

$_COOKIE = [
    'PHPFRONTSESSID' => 'snltp62m4b6hfseoo8beosdm71'
    '_frontendCSRF' => 'eabdf2da94de529a6a86f822b51e2c3f9aef06b9864ebeaf6320acb703100303s:32:\"_En0bmFMJI2fmHY8KJ1dhhoAK50aCpx9\";'
    'PHPBACKSESSID' => 's5tisgh6btlri7bfc13o0u4fu6'
    '_frontendUser' => '09d97afdbe75db139b8d1efd3ff536b5d1eeae367fee4341f9c5adf3816fa0dbs:46:\"[6,\"8urHe0RqNuerCN2oPGM9jvpBCKRiVPjY\",2592000]\";'
]

$_SESSION = [
    '__flash' => []
    '__returnUrl' => '/marktroibags/backend/web/index.php'
]

$_SERVER = [
    'MIBDIRS' => 'C:/xampp/php/extras/mibs'
    'MYSQL_HOME' => '\\xampp\\mysql\\bin'
    'OPENSSL_CONF' => 'C:/xampp/apache/bin/openssl.cnf'
    'PHP_PEAR_SYSCONF_DIR' => '\\xampp\\php'
    'PHPRC' => '\\xampp\\php'
    'TMP' => '\\xampp\\tmp'
    'HTTP_HOST' => 'localhost'
    'HTTP_CONNECTION' => 'keep-alive'
    'HTTP_ACCEPT' => 'text/html,application/xhtml+xml,application/xml;q=0.9,image/webp,*/*;q=0.8'
    'HTTP_USER_AGENT' => 'Mozilla/5.0 (Windows NT 6.1; WOW64) AppleWebKit/537.36 (KHTML, like Gecko) Chrome/40.0.2214.94 Safari/537.36'
    'HTTP_ACCEPT_ENCODING' => 'gzip, deflate, sdch'
    'HTTP_ACCEPT_LANGUAGE' => 'fil,en-US;q=0.8,en;q=0.6'
    'HTTP_COOKIE' => 'PHPFRONTSESSID=snltp62m4b6hfseoo8beosdm71; _frontendCSRF=eabdf2da94de529a6a86f822b51e2c3f9aef06b9864ebeaf6320acb703100303s%3A32%3A%22_En0bmFMJI2fmHY8KJ1dhhoAK50aCpx9%22%3B; PHPBACKSESSID=s5tisgh6btlri7bfc13o0u4fu6; _frontendUser=09d97afdbe75db139b8d1efd3ff536b5d1eeae367fee4341f9c5adf3816fa0dbs%3A46%3A%22%5B6%2C%228urHe0RqNuerCN2oPGM9jvpBCKRiVPjY%22%2C2592000%5D%22%3B'
    'PATH' => 'C:\\Program Files (x86)\\NVIDIA Corporation\\PhysX\\Common;C:\\ProgramData\\Oracle\\Java\\javapath;C:\\Program Files\\Common Files\\Microsoft Shared\\Windows Live;C:\\Windows\\system32;C:\\Windows;C:\\Windows\\System32\\Wbem;C:\\Windows\\System32\\WindowsPowerShell\\v1.0\\;c:\\Program Files (x86)\\Microsoft SQL Server\\100\\Tools\\Binn\\;c:\\Program Files\\Microsoft SQL Server\\100\\Tools\\Binn\\;c:\\Program Files\\Microsoft SQL Server\\100\\DTS\\Binn\\;c:\\Program Files (x86)\\Microsoft SQL Server\\100\\DTS\\Binn\\;c:\\Program Files (x86)\\Microsoft SQL Server\\100\\Tools\\Binn\\VSShell\\Common7\\IDE\\;C:\\Program Files (x86)\\Windows Kits\\8.1\\Windows Performance Toolkit\\;C:\\Program Files\\Microsoft SQL Server\\110\\Tools\\Binn\\;C:\\Program Files\\Microsoft\\Web Platform Installer\\;C:\\Program Files\\TortoiseGit\\bin'
    'SystemRoot' => 'C:\\Windows'
    'COMSPEC' => 'C:\\Windows\\system32\\cmd.exe'
    'PATHEXT' => '.COM;.EXE;.BAT;.CMD;.VBS;.VBE;.JS;.JSE;.WSF;.WSH;.MSC'
    'WINDIR' => 'C:\\Windows'
    'SERVER_SIGNATURE' => '<address>Apache/2.4.12 (Win32) OpenSSL/1.0.1l PHP/5.6.8 Server at localhost Port 80</address>
'
    'SERVER_SOFTWARE' => 'Apache/2.4.12 (Win32) OpenSSL/1.0.1l PHP/5.6.8'
    'SERVER_NAME' => 'localhost'
    'SERVER_ADDR' => '::1'
    'SERVER_PORT' => '80'
    'REMOTE_ADDR' => '::1'
    'DOCUMENT_ROOT' => 'C:/xampp/htdocs'
    'REQUEST_SCHEME' => 'http'
    'CONTEXT_PREFIX' => ''
    'CONTEXT_DOCUMENT_ROOT' => 'C:/xampp/htdocs'
    'SERVER_ADMIN' => 'postmaster@localhost'
    'SCRIPT_FILENAME' => 'C:/xampp/htdocs/marktroibags/backend/web/index.php'
    'REMOTE_PORT' => '52204'
    'GATEWAY_INTERFACE' => 'CGI/1.1'
    'SERVER_PROTOCOL' => 'HTTP/1.1'
    'REQUEST_METHOD' => 'GET'
    'QUERY_STRING' => 'r=site%2Flogin'
    'REQUEST_URI' => '/marktroibags/backend/web/index.php?r=site%2Flogin'
    'SCRIPT_NAME' => '/marktroibags/backend/web/index.php'
    'PHP_SELF' => '/marktroibags/backend/web/index.php'
    'REQUEST_TIME_FLOAT' => 1439475528.685
    'REQUEST_TIME' => 1439475528
]
2015-08-13 16:18:54 [::1][-][s5tisgh6btlri7bfc13o0u4fu6][error][yii\base\ErrorException:1] exception 'yii\base\ErrorException' with message 'Class 'kartik\widgets\ActiveForm' not found' in C:\Users\Leslie\Documents\GitHub\apc-softdev-gd121mi122-4\application\marktroibags\backend\views\site\login.php:65
Stack trace:
#0 [internal function]: yii\base\ErrorHandler->handleFatalError()
#1 {main}
2015-08-13 16:18:54 [::1][-][s5tisgh6btlri7bfc13o0u4fu6][info][application] $_GET = [
    'r' => 'site/login'
]

$_COOKIE = [
    'PHPFRONTSESSID' => 'snltp62m4b6hfseoo8beosdm71'
    '_frontendCSRF' => 'eabdf2da94de529a6a86f822b51e2c3f9aef06b9864ebeaf6320acb703100303s:32:\"_En0bmFMJI2fmHY8KJ1dhhoAK50aCpx9\";'
    '_frontendUser' => '09d97afdbe75db139b8d1efd3ff536b5d1eeae367fee4341f9c5adf3816fa0dbs:46:\"[6,\"8urHe0RqNuerCN2oPGM9jvpBCKRiVPjY\",2592000]\";'
    'PHPBACKSESSID' => 's5tisgh6btlri7bfc13o0u4fu6'
]

$_SESSION = [
    '__flash' => []
    '__returnUrl' => '/marktroibags/backend/web/index.php'
]

$_SERVER = [
    'MIBDIRS' => 'C:/xampp/php/extras/mibs'
    'MYSQL_HOME' => '\\xampp\\mysql\\bin'
    'OPENSSL_CONF' => 'C:/xampp/apache/bin/openssl.cnf'
    'PHP_PEAR_SYSCONF_DIR' => '\\xampp\\php'
    'PHPRC' => '\\xampp\\php'
    'TMP' => '\\xampp\\tmp'
    'HTTP_HOST' => 'localhost'
    'HTTP_CONNECTION' => 'keep-alive'
    'HTTP_ACCEPT' => 'text/html,application/xhtml+xml,application/xml;q=0.9,image/webp,*/*;q=0.8'
    'HTTP_USER_AGENT' => 'Mozilla/5.0 (Windows NT 6.1; WOW64) AppleWebKit/537.36 (KHTML, like Gecko) Chrome/40.0.2214.94 Safari/537.36'
    'HTTP_ACCEPT_ENCODING' => 'gzip, deflate, sdch'
    'HTTP_ACCEPT_LANGUAGE' => 'fil,en-US;q=0.8,en;q=0.6'
    'HTTP_COOKIE' => 'PHPFRONTSESSID=snltp62m4b6hfseoo8beosdm71; _frontendCSRF=eabdf2da94de529a6a86f822b51e2c3f9aef06b9864ebeaf6320acb703100303s%3A32%3A%22_En0bmFMJI2fmHY8KJ1dhhoAK50aCpx9%22%3B; _frontendUser=09d97afdbe75db139b8d1efd3ff536b5d1eeae367fee4341f9c5adf3816fa0dbs%3A46%3A%22%5B6%2C%228urHe0RqNuerCN2oPGM9jvpBCKRiVPjY%22%2C2592000%5D%22%3B; PHPBACKSESSID=s5tisgh6btlri7bfc13o0u4fu6'
    'PATH' => 'C:\\Program Files (x86)\\NVIDIA Corporation\\PhysX\\Common;C:\\ProgramData\\Oracle\\Java\\javapath;C:\\Program Files\\Common Files\\Microsoft Shared\\Windows Live;C:\\Windows\\system32;C:\\Windows;C:\\Windows\\System32\\Wbem;C:\\Windows\\System32\\WindowsPowerShell\\v1.0\\;c:\\Program Files (x86)\\Microsoft SQL Server\\100\\Tools\\Binn\\;c:\\Program Files\\Microsoft SQL Server\\100\\Tools\\Binn\\;c:\\Program Files\\Microsoft SQL Server\\100\\DTS\\Binn\\;c:\\Program Files (x86)\\Microsoft SQL Server\\100\\DTS\\Binn\\;c:\\Program Files (x86)\\Microsoft SQL Server\\100\\Tools\\Binn\\VSShell\\Common7\\IDE\\;C:\\Program Files (x86)\\Windows Kits\\8.1\\Windows Performance Toolkit\\;C:\\Program Files\\Microsoft SQL Server\\110\\Tools\\Binn\\;C:\\Program Files\\Microsoft\\Web Platform Installer\\;C:\\Program Files\\TortoiseGit\\bin'
    'SystemRoot' => 'C:\\Windows'
    'COMSPEC' => 'C:\\Windows\\system32\\cmd.exe'
    'PATHEXT' => '.COM;.EXE;.BAT;.CMD;.VBS;.VBE;.JS;.JSE;.WSF;.WSH;.MSC'
    'WINDIR' => 'C:\\Windows'
    'SERVER_SIGNATURE' => '<address>Apache/2.4.12 (Win32) OpenSSL/1.0.1l PHP/5.6.8 Server at localhost Port 80</address>
'
    'SERVER_SOFTWARE' => 'Apache/2.4.12 (Win32) OpenSSL/1.0.1l PHP/5.6.8'
    'SERVER_NAME' => 'localhost'
    'SERVER_ADDR' => '::1'
    'SERVER_PORT' => '80'
    'REMOTE_ADDR' => '::1'
    'DOCUMENT_ROOT' => 'C:/xampp/htdocs'
    'REQUEST_SCHEME' => 'http'
    'CONTEXT_PREFIX' => ''
    'CONTEXT_DOCUMENT_ROOT' => 'C:/xampp/htdocs'
    'SERVER_ADMIN' => 'postmaster@localhost'
    'SCRIPT_FILENAME' => 'C:/xampp/htdocs/marktroibags/backend/web/index.php'
    'REMOTE_PORT' => '52210'
    'GATEWAY_INTERFACE' => 'CGI/1.1'
    'SERVER_PROTOCOL' => 'HTTP/1.1'
    'REQUEST_METHOD' => 'GET'
    'QUERY_STRING' => 'r=site%2Flogin'
    'REQUEST_URI' => '/marktroibags/backend/web/index.php?r=site%2Flogin'
    'SCRIPT_NAME' => '/marktroibags/backend/web/index.php'
    'PHP_SELF' => '/marktroibags/backend/web/index.php'
    'REQUEST_TIME_FLOAT' => 1439475534.731
    'REQUEST_TIME' => 1439475534
]
2015-08-13 16:18:55 [::1][-][s5tisgh6btlri7bfc13o0u4fu6][error][yii\base\ErrorException:1] exception 'yii\base\ErrorException' with message 'Class 'kartik\widgets\ActiveForm' not found' in C:\Users\Leslie\Documents\GitHub\apc-softdev-gd121mi122-4\application\marktroibags\backend\views\site\login.php:65
Stack trace:
#0 [internal function]: yii\base\ErrorHandler->handleFatalError()
#1 {main}
2015-08-13 16:18:54 [::1][-][s5tisgh6btlri7bfc13o0u4fu6][info][application] $_GET = [
    'r' => 'site/login'
]

$_COOKIE = [
    'PHPFRONTSESSID' => 'snltp62m4b6hfseoo8beosdm71'
    '_frontendCSRF' => 'eabdf2da94de529a6a86f822b51e2c3f9aef06b9864ebeaf6320acb703100303s:32:\"_En0bmFMJI2fmHY8KJ1dhhoAK50aCpx9\";'
    '_frontendUser' => '09d97afdbe75db139b8d1efd3ff536b5d1eeae367fee4341f9c5adf3816fa0dbs:46:\"[6,\"8urHe0RqNuerCN2oPGM9jvpBCKRiVPjY\",2592000]\";'
    'PHPBACKSESSID' => 's5tisgh6btlri7bfc13o0u4fu6'
]

$_SESSION = [
    '__flash' => []
    '__returnUrl' => '/marktroibags/backend/web/index.php'
]

$_SERVER = [
    'MIBDIRS' => 'C:/xampp/php/extras/mibs'
    'MYSQL_HOME' => '\\xampp\\mysql\\bin'
    'OPENSSL_CONF' => 'C:/xampp/apache/bin/openssl.cnf'
    'PHP_PEAR_SYSCONF_DIR' => '\\xampp\\php'
    'PHPRC' => '\\xampp\\php'
    'TMP' => '\\xampp\\tmp'
    'HTTP_HOST' => 'localhost'
    'HTTP_CONNECTION' => 'keep-alive'
    'HTTP_ACCEPT' => 'text/html,application/xhtml+xml,application/xml;q=0.9,image/webp,*/*;q=0.8'
    'HTTP_USER_AGENT' => 'Mozilla/5.0 (Windows NT 6.1; WOW64) AppleWebKit/537.36 (KHTML, like Gecko) Chrome/40.0.2214.94 Safari/537.36'
    'HTTP_ACCEPT_ENCODING' => 'gzip, deflate, sdch'
    'HTTP_ACCEPT_LANGUAGE' => 'fil,en-US;q=0.8,en;q=0.6'
    'HTTP_COOKIE' => 'PHPFRONTSESSID=snltp62m4b6hfseoo8beosdm71; _frontendCSRF=eabdf2da94de529a6a86f822b51e2c3f9aef06b9864ebeaf6320acb703100303s%3A32%3A%22_En0bmFMJI2fmHY8KJ1dhhoAK50aCpx9%22%3B; _frontendUser=09d97afdbe75db139b8d1efd3ff536b5d1eeae367fee4341f9c5adf3816fa0dbs%3A46%3A%22%5B6%2C%228urHe0RqNuerCN2oPGM9jvpBCKRiVPjY%22%2C2592000%5D%22%3B; PHPBACKSESSID=s5tisgh6btlri7bfc13o0u4fu6'
    'PATH' => 'C:\\Program Files (x86)\\NVIDIA Corporation\\PhysX\\Common;C:\\ProgramData\\Oracle\\Java\\javapath;C:\\Program Files\\Common Files\\Microsoft Shared\\Windows Live;C:\\Windows\\system32;C:\\Windows;C:\\Windows\\System32\\Wbem;C:\\Windows\\System32\\WindowsPowerShell\\v1.0\\;c:\\Program Files (x86)\\Microsoft SQL Server\\100\\Tools\\Binn\\;c:\\Program Files\\Microsoft SQL Server\\100\\Tools\\Binn\\;c:\\Program Files\\Microsoft SQL Server\\100\\DTS\\Binn\\;c:\\Program Files (x86)\\Microsoft SQL Server\\100\\DTS\\Binn\\;c:\\Program Files (x86)\\Microsoft SQL Server\\100\\Tools\\Binn\\VSShell\\Common7\\IDE\\;C:\\Program Files (x86)\\Windows Kits\\8.1\\Windows Performance Toolkit\\;C:\\Program Files\\Microsoft SQL Server\\110\\Tools\\Binn\\;C:\\Program Files\\Microsoft\\Web Platform Installer\\;C:\\Program Files\\TortoiseGit\\bin'
    'SystemRoot' => 'C:\\Windows'
    'COMSPEC' => 'C:\\Windows\\system32\\cmd.exe'
    'PATHEXT' => '.COM;.EXE;.BAT;.CMD;.VBS;.VBE;.JS;.JSE;.WSF;.WSH;.MSC'
    'WINDIR' => 'C:\\Windows'
    'SERVER_SIGNATURE' => '<address>Apache/2.4.12 (Win32) OpenSSL/1.0.1l PHP/5.6.8 Server at localhost Port 80</address>
'
    'SERVER_SOFTWARE' => 'Apache/2.4.12 (Win32) OpenSSL/1.0.1l PHP/5.6.8'
    'SERVER_NAME' => 'localhost'
    'SERVER_ADDR' => '::1'
    'SERVER_PORT' => '80'
    'REMOTE_ADDR' => '::1'
    'DOCUMENT_ROOT' => 'C:/xampp/htdocs'
    'REQUEST_SCHEME' => 'http'
    'CONTEXT_PREFIX' => ''
    'CONTEXT_DOCUMENT_ROOT' => 'C:/xampp/htdocs'
    'SERVER_ADMIN' => 'postmaster@localhost'
    'SCRIPT_FILENAME' => 'C:/xampp/htdocs/marktroibags/backend/web/index.php'
    'REMOTE_PORT' => '52228'
    'GATEWAY_INTERFACE' => 'CGI/1.1'
    'SERVER_PROTOCOL' => 'HTTP/1.1'
    'REQUEST_METHOD' => 'GET'
    'QUERY_STRING' => 'r=site%2Flogin'
    'REQUEST_URI' => '/marktroibags/backend/web/index.php?r=site%2Flogin'
    'SCRIPT_NAME' => '/marktroibags/backend/web/index.php'
    'PHP_SELF' => '/marktroibags/backend/web/index.php'
    'REQUEST_TIME_FLOAT' => 1439475534.974
    'REQUEST_TIME' => 1439475534
]
