2015-03-14 15:10:00 [-][-][-][error][yii\db\Exception] exception 'PDOException' with message 'SQLSTATE[HY000] [1049] Unknown database 'marktroibags-db'' in C:\xampp\htdocs\marktroibags3.0\vendor\yiisoft\yii2\db\Connection.php:579
Stack trace:
#0 C:\xampp\htdocs\marktroibags3.0\vendor\yiisoft\yii2\db\Connection.php(579): PDO->__construct('mysql:host=loca...', 'root', '', NULL)
#1 C:\xampp\htdocs\marktroibags3.0\vendor\yiisoft\yii2\db\Connection.php(529): yii\db\Connection->createPdoInstance()
#2 C:\xampp\htdocs\marktroibags3.0\vendor\yiisoft\yii2\db\Connection.php(836): yii\db\Connection->open()
#3 C:\xampp\htdocs\marktroibags3.0\vendor\yiisoft\yii2\db\Connection.php(823): yii\db\Connection->getMasterPdo()
#4 C:\xampp\htdocs\marktroibags3.0\vendor\yiisoft\yii2\db\Command.php(208): yii\db\Connection->getSlavePdo()
#5 C:\xampp\htdocs\marktroibags3.0\vendor\yiisoft\yii2\db\Command.php(815): yii\db\Command->prepare(true)
#6 C:\xampp\htdocs\marktroibags3.0\vendor\yiisoft\yii2\db\Command.php(350): yii\db\Command->queryInternal('fetchAll', NULL)
#7 C:\xampp\htdocs\marktroibags3.0\vendor\yiisoft\yii2\db\mysql\Schema.php(198): yii\db\Command->queryAll()
#8 C:\xampp\htdocs\marktroibags3.0\vendor\yiisoft\yii2\db\mysql\Schema.php(97): yii\db\mysql\Schema->findColumns(Object(yii\db\TableSchema))
#9 C:\xampp\htdocs\marktroibags3.0\vendor\yiisoft\yii2\db\Schema.php(139): yii\db\mysql\Schema->loadTableSchema('migration')
#10 C:\xampp\htdocs\marktroibags3.0\vendor\yiisoft\yii2\console\controllers\MigrateController.php(126): yii\db\Schema->getTableSchema('{{%migration}}', true)
#11 C:\xampp\htdocs\marktroibags3.0\vendor\yiisoft\yii2\console\controllers\BaseMigrateController.php(607): yii\console\controllers\MigrateController->getMigrationHistory(NULL)
#12 C:\xampp\htdocs\marktroibags3.0\vendor\yiisoft\yii2\console\controllers\BaseMigrateController.php(99): yii\console\controllers\BaseMigrateController->getNewMigrations()
#13 [internal function]: yii\console\controllers\BaseMigrateController->actionUp(0)
#14 C:\xampp\htdocs\marktroibags3.0\vendor\yiisoft\yii2\base\InlineAction.php(55): call_user_func_array(Array, Array)
#15 C:\xampp\htdocs\marktroibags3.0\vendor\yiisoft\yii2\base\Controller.php(151): yii\base\InlineAction->runWithParams(Array)
#16 C:\xampp\htdocs\marktroibags3.0\vendor\yiisoft\yii2\console\Controller.php(91): yii\base\Controller->runAction('', Array)
#17 C:\xampp\htdocs\marktroibags3.0\vendor\yiisoft\yii2\base\Module.php(455): yii\console\Controller->runAction('', Array)
#18 C:\xampp\htdocs\marktroibags3.0\vendor\yiisoft\yii2\console\Application.php(161): yii\base\Module->runAction('migrate', Array)
#19 C:\xampp\htdocs\marktroibags3.0\vendor\yiisoft\yii2\console\Application.php(137): yii\console\Application->runAction('migrate', Array)
#20 C:\xampp\htdocs\marktroibags3.0\vendor\yiisoft\yii2\base\Application.php(375): yii\console\Application->handleRequest(Object(yii\console\Request))
#21 C:\xampp\htdocs\marktroibags3.0\yii(31): yii\base\Application->run()
#22 {main}

Next exception 'yii\db\Exception' with message 'SQLSTATE[HY000] [1049] Unknown database 'marktroibags-db'' in C:\xampp\htdocs\marktroibags3.0\vendor\yiisoft\yii2\db\Connection.php:534
Stack trace:
#0 C:\xampp\htdocs\marktroibags3.0\vendor\yiisoft\yii2\db\Connection.php(836): yii\db\Connection->open()
#1 C:\xampp\htdocs\marktroibags3.0\vendor\yiisoft\yii2\db\Connection.php(823): yii\db\Connection->getMasterPdo()
#2 C:\xampp\htdocs\marktroibags3.0\vendor\yiisoft\yii2\db\Command.php(208): yii\db\Connection->getSlavePdo()
#3 C:\xampp\htdocs\marktroibags3.0\vendor\yiisoft\yii2\db\Command.php(815): yii\db\Command->prepare(true)
#4 C:\xampp\htdocs\marktroibags3.0\vendor\yiisoft\yii2\db\Command.php(350): yii\db\Command->queryInternal('fetchAll', NULL)
#5 C:\xampp\htdocs\marktroibags3.0\vendor\yiisoft\yii2\db\mysql\Schema.php(198): yii\db\Command->queryAll()
#6 C:\xampp\htdocs\marktroibags3.0\vendor\yiisoft\yii2\db\mysql\Schema.php(97): yii\db\mysql\Schema->findColumns(Object(yii\db\TableSchema))
#7 C:\xampp\htdocs\marktroibags3.0\vendor\yiisoft\yii2\db\Schema.php(139): yii\db\mysql\Schema->loadTableSchema('migration')
#8 C:\xampp\htdocs\marktroibags3.0\vendor\yiisoft\yii2\console\controllers\MigrateController.php(126): yii\db\Schema->getTableSchema('{{%migration}}', true)
#9 C:\xampp\htdocs\marktroibags3.0\vendor\yiisoft\yii2\console\controllers\BaseMigrateController.php(607): yii\console\controllers\MigrateController->getMigrationHistory(NULL)
#10 C:\xampp\htdocs\marktroibags3.0\vendor\yiisoft\yii2\console\controllers\BaseMigrateController.php(99): yii\console\controllers\BaseMigrateController->getNewMigrations()
#11 [internal function]: yii\console\controllers\BaseMigrateController->actionUp(0)
#12 C:\xampp\htdocs\marktroibags3.0\vendor\yiisoft\yii2\base\InlineAction.php(55): call_user_func_array(Array, Array)
#13 C:\xampp\htdocs\marktroibags3.0\vendor\yiisoft\yii2\base\Controller.php(151): yii\base\InlineAction->runWithParams(Array)
#14 C:\xampp\htdocs\marktroibags3.0\vendor\yiisoft\yii2\console\Controller.php(91): yii\base\Controller->runAction('', Array)
#15 C:\xampp\htdocs\marktroibags3.0\vendor\yiisoft\yii2\base\Module.php(455): yii\console\Controller->runAction('', Array)
#16 C:\xampp\htdocs\marktroibags3.0\vendor\yiisoft\yii2\console\Application.php(161): yii\base\Module->runAction('migrate', Array)
#17 C:\xampp\htdocs\marktroibags3.0\vendor\yiisoft\yii2\console\Application.php(137): yii\console\Application->runAction('migrate', Array)
#18 C:\xampp\htdocs\marktroibags3.0\vendor\yiisoft\yii2\base\Application.php(375): yii\console\Application->handleRequest(Object(yii\console\Request))
#19 C:\xampp\htdocs\marktroibags3.0\yii(31): yii\base\Application->run()
#20 {main}
Additional Information:

2015-03-14 15:10:00 [-][-][-][info][application] $_SERVER = [
    'ALLUSERSPROFILE' => 'C:\\ProgramData'
    'APPDATA' => 'C:\\Users\\dygah_000\\AppData\\Roaming'
    'CommonProgramFiles' => 'C:\\Program Files (x86)\\Common Files'
    'CommonProgramFiles(x86)' => 'C:\\Program Files (x86)\\Common Files'
    'CommonProgramW6432' => 'C:\\Program Files\\Common Files'
    'COMPUTERNAME' => 'GAHALLON'
    'ComSpec' => 'C:\\WINDOWS\\system32\\cmd.exe'
    'FP_NO_HOST_CHECK' => 'NO'
    'HOMEDRIVE' => 'C:'
    'HOMEPATH' => '\\Users\\dygah_000'
    'LOCALAPPDATA' => 'C:\\Users\\dygah_000\\AppData\\Local'
    'LOGONSERVER' => '\\\\MicrosoftAccount'
    'NUMBER_OF_PROCESSORS' => '4'
    'OS' => 'Windows_NT'
    'Path' => 'C:\\WINDOWS\\system32;C:\\WINDOWS;C:\\WINDOWS\\System32\\Wbem;C:\\WINDOWS\\System32\\WindowsPowerShell\\v1.0\\;C:\\Program Files (x86)\\ATI Technologies\\ATI.ACE\\Core-Static;C:\\Program Files (x86)\\Windows Kits\\8.1\\Windows Performance Toolkit\\;C:\\Program Files\\Microsoft SQL Server\\110\\Tools\\Binn\\;C:\\Program Files (x86)\\Microsoft SDKs\\TypeScript\\1.0\\;C:\\Program Files\\Microsoft SQL Server\\120\\Tools\\Binn\\;C:\\Program Files\\TortoiseGit\\bin;C:\\VXIPNP\\WinNT\\Bin;C:\\xampp\\php;C:\\ProgramData\\ComposerSetup\\bin'
    'PATHEXT' => '.COM;.EXE;.BAT;.CMD;.VBS;.VBE;.JS;.JSE;.WSF;.WSH;.MSC'
    'PROCESSOR_ARCHITECTURE' => 'x86'
    'PROCESSOR_ARCHITEW6432' => 'AMD64'
    'PROCESSOR_IDENTIFIER' => 'AMD64 Family 21 Model 19 Stepping 1, AuthenticAMD'
    'PROCESSOR_LEVEL' => '21'
    'PROCESSOR_REVISION' => '1301'
    'ProgramData' => 'C:\\ProgramData'
    'ProgramFiles' => 'C:\\Program Files (x86)'
    'ProgramFiles(x86)' => 'C:\\Program Files (x86)'
    'ProgramW6432' => 'C:\\Program Files'
    'PROMPT' => '$P$G'
    'PSModulePath' => 'C:\\WINDOWS\\system32\\WindowsPowerShell\\v1.0\\Modules\\'
    'PUBLIC' => 'C:\\Users\\Public'
    'SESSIONNAME' => 'Console'
    'SystemDrive' => 'C:'
    'SystemRoot' => 'C:\\WINDOWS'
    'TEMP' => 'C:\\Users\\DYGAH_~1\\AppData\\Local\\Temp'
    'TMP' => 'C:\\Users\\DYGAH_~1\\AppData\\Local\\Temp'
    'USERDOMAIN' => 'GAHALLON'
    'USERDOMAIN_ROAMINGPROFILE' => 'GAHALLON'
    'USERNAME' => 'dygah_000'
    'USERPROFILE' => 'C:\\Users\\dygah_000'
    'VS110COMNTOOLS' => 'C:\\Program Files (x86)\\Microsoft Visual Studio 11.0\\Common7\\Tools\\'
    'VS120COMNTOOLS' => 'C:\\Program Files (x86)\\Microsoft Visual Studio 12.0\\Common7\\Tools\\'
    'VXIPNPPATH' => 'C:\\VXIPNP\\'
    'windir' => 'C:\\WINDOWS'
    'PHP_SELF' => 'yii'
    'SCRIPT_NAME' => 'yii'
    'SCRIPT_FILENAME' => 'yii'
    'PATH_TRANSLATED' => 'yii'
    'DOCUMENT_ROOT' => ''
    'REQUEST_TIME_FLOAT' => 1426342200.0282
    'REQUEST_TIME' => 1426342200
    'argv' => [
        0 => 'yii'
        1 => 'migrate'
    ]
    'argc' => 2
]
